odict_keys(['c_head.0.attention.self.query.weight', 'c_head.0.attention.self.query.bias', 'c_head.0.attention.self.key.weight', 'c_head.0.attention.self.key.bias', 'c_head.0.attention.self.value.weight', 'c_head.0.attention.self.value.bias', 'c_head.0.attention.output.dense.weight', 'c_head.0.attention.output.dense.bias', 'c_head.0.attention.output.LayerNorm.weight', 'c_head.0.attention.output.LayerNorm.bias', 'c_head.0.intermediate.dense.weight', 'c_head.0.intermediate.dense.bias', 'c_head.0.output.dense.weight', 'c_head.0.output.dense.bias', 'c_head.0.output.LayerNorm.weight', 'c_head.0.output.LayerNorm.bias', 'c_head.1.attention.self.query.weight', 'c_head.1.attention.self.query.bias', 'c_head.1.attention.self.key.weight', 'c_head.1.attention.self.key.bias', 'c_head.1.attention.self.value.weight', 'c_head.1.attention.self.value.bias', 'c_head.1.attention.output.dense.weight', 'c_head.1.attention.output.dense.bias', 'c_head.1.attention.output.LayerNorm.weight', 'c_head.1.attention.output.LayerNorm.bias', 'c_head.1.intermediate.dense.weight', 'c_head.1.intermediate.dense.bias', 'c_head.1.output.dense.weight', 'c_head.1.output.dense.bias', 'c_head.1.output.LayerNorm.weight', 'c_head.1.output.LayerNorm.bias'])
=================================================
odict_keys(['c_head.0.attention.self.query.weight', 'c_head.0.attention.self.query.bias', 'c_head.0.attention.self.key.weight', 'c_head.0.attention.self.key.bias', 'c_head.0.attention.self.value.weight', 'c_head.0.attention.self.value.bias', 'c_head.0.attention.output.dense.weight', 'c_head.0.attention.output.dense.bias', 'c_head.0.attention.output.LayerNorm.weight', 'c_head.0.attention.output.LayerNorm.bias', 'c_head.0.intermediate.dense.weight', 'c_head.0.intermediate.dense.bias', 'c_head.0.output.dense.weight', 'c_head.0.output.dense.bias', 'c_head.0.output.LayerNorm.weight', 'c_head.0.output.LayerNorm.bias', 'c_head.1.attention.self.query.weight', 'c_head.1.attention.self.query.bias', 'c_head.1.attention.self.key.weight', 'c_head.1.attention.self.key.bias', 'c_head.1.attention.self.value.weight', 'c_head.1.attention.self.value.bias', 'c_head.1.attention.output.dense.weight', 'c_head.1.attention.output.dense.bias', 'c_head.1.attention.output.LayerNorm.weight', 'c_head.1.attention.output.LayerNorm.bias', 'c_head.1.intermediate.dense.weight', 'c_head.1.intermediate.dense.bias', 'c_head.1.output.dense.weight', 'c_head.1.output.dense.bias', 'c_head.1.output.LayerNorm.weight', 'c_head.1.output.LayerNorm.bias'])
=================================================
odict_keys(['c_head.0.attention.self.query.weight', 'c_head.0.attention.self.query.bias', 'c_head.0.attention.self.key.weight', 'c_head.0.attention.self.key.bias', 'c_head.0.attention.self.value.weight', 'c_head.0.attention.self.value.bias', 'c_head.0.attention.output.dense.weight', 'c_head.0.attention.output.dense.bias', 'c_head.0.attention.output.LayerNorm.weight', 'c_head.0.attention.output.LayerNorm.bias', 'c_head.0.intermediate.dense.weight', 'c_head.0.intermediate.dense.bias', 'c_head.0.output.dense.weight', 'c_head.0.output.dense.bias', 'c_head.0.output.LayerNorm.weight', 'c_head.0.output.LayerNorm.bias', 'c_head.1.attention.self.query.weight', 'c_head.1.attention.self.query.bias', 'c_head.1.attention.self.key.weight', 'c_head.1.attention.self.key.bias', 'c_head.1.attention.self.value.weight', 'c_head.1.attention.self.value.bias', 'c_head.1.attention.output.dense.weight', 'c_head.1.attention.output.dense.bias', 'c_head.1.attention.output.LayerNorm.weight', 'c_head.1.attention.output.LayerNorm.bias', 'c_head.1.intermediate.dense.weight', 'c_head.1.intermediate.dense.bias', 'c_head.1.output.dense.weight', 'c_head.1.output.dense.bias', 'c_head.1.output.LayerNorm.weight', 'c_head.1.output.LayerNorm.bias'])
=================================================
odict_keys(['c_head.0.attention.self.query.weight', 'c_head.0.attention.self.query.bias', 'c_head.0.attention.self.key.weight', 'c_head.0.attention.self.key.bias', 'c_head.0.attention.self.value.weight', 'c_head.0.attention.self.value.bias', 'c_head.0.attention.output.dense.weight', 'c_head.0.attention.output.dense.bias', 'c_head.0.attention.output.LayerNorm.weight', 'c_head.0.attention.output.LayerNorm.bias', 'c_head.0.intermediate.dense.weight', 'c_head.0.intermediate.dense.bias', 'c_head.0.output.dense.weight', 'c_head.0.output.dense.bias', 'c_head.0.output.LayerNorm.weight', 'c_head.0.output.LayerNorm.bias', 'c_head.1.attention.self.query.weight', 'c_head.1.attention.self.query.bias', 'c_head.1.attention.self.key.weight', 'c_head.1.attention.self.key.bias', 'c_head.1.attention.self.value.weight', 'c_head.1.attention.self.value.bias', 'c_head.1.attention.output.dense.weight', 'c_head.1.attention.output.dense.bias', 'c_head.1.attention.output.LayerNorm.weight', 'c_head.1.attention.output.LayerNorm.bias', 'c_head.1.intermediate.dense.weight', 'c_head.1.intermediate.dense.bias', 'c_head.1.output.dense.weight', 'c_head.1.output.dense.bias', 'c_head.1.output.LayerNorm.weight', 'c_head.1.output.LayerNorm.bias'])
=================================================
odict_keys(['c_head.0.attention.self.query.weight', 'c_head.0.attention.self.query.bias', 'c_head.0.attention.self.key.weight', 'c_head.0.attention.self.key.bias', 'c_head.0.attention.self.value.weight', 'c_head.0.attention.self.value.bias', 'c_head.0.attention.output.dense.weight', 'c_head.0.attention.output.dense.bias', 'c_head.0.attention.output.LayerNorm.weight', 'c_head.0.attention.output.LayerNorm.bias', 'c_head.0.intermediate.dense.weight', 'c_head.0.intermediate.dense.bias', 'c_head.0.output.dense.weight', 'c_head.0.output.dense.bias', 'c_head.0.output.LayerNorm.weight', 'c_head.0.output.LayerNorm.bias', 'c_head.1.attention.self.query.weight', 'c_head.1.attention.self.query.bias', 'c_head.1.attention.self.key.weight', 'c_head.1.attention.self.key.bias', 'c_head.1.attention.self.value.weight', 'c_head.1.attention.self.value.bias', 'c_head.1.attention.output.dense.weight', 'c_head.1.attention.output.dense.bias', 'c_head.1.attention.output.LayerNorm.weight', 'c_head.1.attention.output.LayerNorm.bias', 'c_head.1.intermediate.dense.weight', 'c_head.1.intermediate.dense.bias', 'c_head.1.output.dense.weight', 'c_head.1.output.dense.bias', 'c_head.1.output.LayerNorm.weight', 'c_head.1.output.LayerNorm.bias'])
=================================================
odict_keys(['c_head.0.attention.self.query.weight', 'c_head.0.attention.self.query.bias', 'c_head.0.attention.self.key.weight', 'c_head.0.attention.self.key.bias', 'c_head.0.attention.self.value.weight', 'c_head.0.attention.self.value.bias', 'c_head.0.attention.output.dense.weight', 'c_head.0.attention.output.dense.bias', 'c_head.0.attention.output.LayerNorm.weight', 'c_head.0.attention.output.LayerNorm.bias', 'c_head.0.intermediate.dense.weight', 'c_head.0.intermediate.dense.bias', 'c_head.0.output.dense.weight', 'c_head.0.output.dense.bias', 'c_head.0.output.LayerNorm.weight', 'c_head.0.output.LayerNorm.bias', 'c_head.1.attention.self.query.weight', 'c_head.1.attention.self.query.bias', 'c_head.1.attention.self.key.weight', 'c_head.1.attention.self.key.bias', 'c_head.1.attention.self.value.weight', 'c_head.1.attention.self.value.bias', 'c_head.1.attention.output.dense.weight', 'c_head.1.attention.output.dense.bias', 'c_head.1.attention.output.LayerNorm.weight', 'c_head.1.attention.output.LayerNorm.bias', 'c_head.1.intermediate.dense.weight', 'c_head.1.intermediate.dense.bias', 'c_head.1.output.dense.weight', 'c_head.1.output.dense.bias', 'c_head.1.output.LayerNorm.weight', 'c_head.1.output.LayerNorm.bias'])
=================================================
odict_keys(['c_head.0.attention.self.query.weight', 'c_head.0.attention.self.query.bias', 'c_head.0.attention.self.key.weight', 'c_head.0.attention.self.key.bias', 'c_head.0.attention.self.value.weight', 'c_head.0.attention.self.value.bias', 'c_head.0.attention.output.dense.weight', 'c_head.0.attention.output.dense.bias', 'c_head.0.attention.output.LayerNorm.weight', 'c_head.0.attention.output.LayerNorm.bias', 'c_head.0.intermediate.dense.weight', 'c_head.0.intermediate.dense.bias', 'c_head.0.output.dense.weight', 'c_head.0.output.dense.bias', 'c_head.0.output.LayerNorm.weight', 'c_head.0.output.LayerNorm.bias', 'c_head.1.attention.self.query.weight', 'c_head.1.attention.self.query.bias', 'c_head.1.attention.self.key.weight', 'c_head.1.attention.self.key.bias', 'c_head.1.attention.self.value.weight', 'c_head.1.attention.self.value.bias', 'c_head.1.attention.output.dense.weight', 'c_head.1.attention.output.dense.bias', 'c_head.1.attention.output.LayerNorm.weight', 'c_head.1.attention.output.LayerNorm.bias', 'c_head.1.intermediate.dense.weight', 'c_head.1.intermediate.dense.bias', 'c_head.1.output.dense.weight', 'c_head.1.output.dense.bias', 'c_head.1.output.LayerNorm.weight', 'c_head.1.output.LayerNorm.bias'])
=================================================
odict_keys(['c_head.0.attention.self.query.weight', 'c_head.0.attention.self.query.bias', 'c_head.0.attention.self.key.weight', 'c_head.0.attention.self.key.bias', 'c_head.0.attention.self.value.weight', 'c_head.0.attention.self.value.bias', 'c_head.0.attention.output.dense.weight', 'c_head.0.attention.output.dense.bias', 'c_head.0.attention.output.LayerNorm.weight', 'c_head.0.attention.output.LayerNorm.bias', 'c_head.0.intermediate.dense.weight', 'c_head.0.intermediate.dense.bias', 'c_head.0.output.dense.weight', 'c_head.0.output.dense.bias', 'c_head.0.output.LayerNorm.weight', 'c_head.0.output.LayerNorm.bias', 'c_head.1.attention.self.query.weight', 'c_head.1.attention.self.query.bias', 'c_head.1.attention.self.key.weight', 'c_head.1.attention.self.key.bias', 'c_head.1.attention.self.value.weight', 'c_head.1.attention.self.value.bias', 'c_head.1.attention.output.dense.weight', 'c_head.1.attention.output.dense.bias', 'c_head.1.attention.output.LayerNorm.weight', 'c_head.1.attention.output.LayerNorm.bias', 'c_head.1.intermediate.dense.weight', 'c_head.1.intermediate.dense.bias', 'c_head.1.output.dense.weight', 'c_head.1.output.dense.bias', 'c_head.1.output.LayerNorm.weight', 'c_head.1.output.LayerNorm.bias'])
nan occurred in checkpoint-220000: 

bert.embeddings.word_embeddings.weight
nan occurred in checkpoint-220000: 

bert.embeddings.position_embeddings.weight
nan occurred in checkpoint-220000: 

bert.embeddings.token_type_embeddings.weight
nan occurred in checkpoint-220000: 

bert.embeddings.LayerNorm.weight
nan occurred in checkpoint-220000: 

bert.embeddings.LayerNorm.bias
nan occurred in checkpoint-220000: 

bert.encoder.layer.0.attention.self.query.weight
nan occurred in checkpoint-220000: 

bert.encoder.layer.0.attention.self.query.bias
nan occurred in checkpoint-220000: 

bert.encoder.layer.0.attention.self.key.weight
nan occurred in checkpoint-220000: 

bert.encoder.layer.0.attention.self.key.bias
nan occurred in checkpoint-220000: 

bert.encoder.layer.0.attention.self.value.weight
nan occurred in checkpoint-220000: 

bert.encoder.layer.0.attention.self.value.bias
nan occurred in checkpoint-220000: 

bert.encoder.layer.0.attention.output.dense.weight
nan occurred in checkpoint-220000: 

bert.encoder.layer.0.attention.output.dense.bias
nan occurred in checkpoint-220000: 

bert.encoder.layer.0.attention.output.LayerNorm.weight
nan occurred in checkpoint-220000: 

bert.encoder.layer.0.attention.output.LayerNorm.bias
nan occurred in checkpoint-220000: 

bert.encoder.layer.0.intermediate.dense.weight
nan occurred in checkpoint-220000: 

bert.encoder.layer.0.intermediate.dense.bias
nan occurred in checkpoint-220000: 

bert.encoder.layer.0.output.dense.weight
nan occurred in checkpoint-220000: 

bert.encoder.layer.0.output.dense.bias
nan occurred in checkpoint-220000: 

bert.encoder.layer.0.output.LayerNorm.weight
nan occurred in checkpoint-220000: 

bert.encoder.layer.0.output.LayerNorm.bias
nan occurred in checkpoint-220000: 

bert.encoder.layer.1.attention.self.query.weight
nan occurred in checkpoint-220000: 

bert.encoder.layer.1.attention.self.query.bias
nan occurred in checkpoint-220000: 

bert.encoder.layer.1.attention.self.key.weight
nan occurred in checkpoint-220000: 

bert.encoder.layer.1.attention.self.key.bias
nan occurred in checkpoint-220000: 

bert.encoder.layer.1.attention.self.value.weight
nan occurred in checkpoint-220000: 

bert.encoder.layer.1.attention.self.value.bias
nan occurred in checkpoint-220000: 

bert.encoder.layer.1.attention.output.dense.weight
nan occurred in checkpoint-220000: 

bert.encoder.layer.1.attention.output.dense.bias
nan occurred in checkpoint-220000: 

bert.encoder.layer.1.attention.output.LayerNorm.weight
nan occurred in checkpoint-220000: 

bert.encoder.layer.1.attention.output.LayerNorm.bias
nan occurred in checkpoint-220000: 

bert.encoder.layer.1.intermediate.dense.weight
nan occurred in checkpoint-220000: 

bert.encoder.layer.1.intermediate.dense.bias
nan occurred in checkpoint-220000: 

bert.encoder.layer.1.output.dense.weight
nan occurred in checkpoint-220000: 

bert.encoder.layer.1.output.dense.bias
nan occurred in checkpoint-220000: 

bert.encoder.layer.1.output.LayerNorm.weight
nan occurred in checkpoint-220000: 

bert.encoder.layer.1.output.LayerNorm.bias
nan occurred in checkpoint-220000: 

bert.encoder.layer.2.attention.self.query.weight
nan occurred in checkpoint-220000: 

bert.encoder.layer.2.attention.self.query.bias
nan occurred in checkpoint-220000: 

bert.encoder.layer.2.attention.self.key.weight
nan occurred in checkpoint-220000: 

bert.encoder.layer.2.attention.self.key.bias
nan occurred in checkpoint-220000: 

bert.encoder.layer.2.attention.self.value.weight
nan occurred in checkpoint-220000: 

bert.encoder.layer.2.attention.self.value.bias
nan occurred in checkpoint-220000: 

bert.encoder.layer.2.attention.output.dense.weight
nan occurred in checkpoint-220000: 

bert.encoder.layer.2.attention.output.dense.bias
nan occurred in checkpoint-220000: 

bert.encoder.layer.2.attention.output.LayerNorm.weight
nan occurred in checkpoint-220000: 

bert.encoder.layer.2.attention.output.LayerNorm.bias
nan occurred in checkpoint-220000: 

bert.encoder.layer.2.intermediate.dense.weight
nan occurred in checkpoint-220000: 

bert.encoder.layer.2.intermediate.dense.bias
nan occurred in checkpoint-220000: 

bert.encoder.layer.2.output.dense.weight
nan occurred in checkpoint-220000: 

bert.encoder.layer.2.output.dense.bias
nan occurred in checkpoint-220000: 

bert.encoder.layer.2.output.LayerNorm.weight
nan occurred in checkpoint-220000: 

bert.encoder.layer.2.output.LayerNorm.bias
nan occurred in checkpoint-220000: 

bert.encoder.layer.3.attention.self.query.weight
nan occurred in checkpoint-220000: 

bert.encoder.layer.3.attention.self.query.bias
nan occurred in checkpoint-220000: 

bert.encoder.layer.3.attention.self.key.weight
nan occurred in checkpoint-220000: 

bert.encoder.layer.3.attention.self.key.bias
nan occurred in checkpoint-220000: 

bert.encoder.layer.3.attention.self.value.weight
nan occurred in checkpoint-220000: 

bert.encoder.layer.3.attention.self.value.bias
nan occurred in checkpoint-220000: 

bert.encoder.layer.3.attention.output.dense.weight
nan occurred in checkpoint-220000: 

bert.encoder.layer.3.attention.output.dense.bias
nan occurred in checkpoint-220000: 

bert.encoder.layer.3.attention.output.LayerNorm.weight
nan occurred in checkpoint-220000: 

bert.encoder.layer.3.attention.output.LayerNorm.bias
nan occurred in checkpoint-220000: 

bert.encoder.layer.3.intermediate.dense.weight
nan occurred in checkpoint-220000: 

bert.encoder.layer.3.intermediate.dense.bias
nan occurred in checkpoint-220000: 

bert.encoder.layer.3.output.dense.weight
nan occurred in checkpoint-220000: 

bert.encoder.layer.3.output.dense.bias
nan occurred in checkpoint-220000: 

bert.encoder.layer.3.output.LayerNorm.weight
nan occurred in checkpoint-220000: 

bert.encoder.layer.3.output.LayerNorm.bias
nan occurred in checkpoint-220000: 

bert.encoder.layer.4.attention.self.query.weight
nan occurred in checkpoint-220000: 

bert.encoder.layer.4.attention.self.query.bias
nan occurred in checkpoint-220000: 

bert.encoder.layer.4.attention.self.key.weight
nan occurred in checkpoint-220000: 

bert.encoder.layer.4.attention.self.key.bias
nan occurred in checkpoint-220000: 

bert.encoder.layer.4.attention.self.value.weight
nan occurred in checkpoint-220000: 

bert.encoder.layer.4.attention.self.value.bias
nan occurred in checkpoint-220000: 

bert.encoder.layer.4.attention.output.dense.weight
nan occurred in checkpoint-220000: 

bert.encoder.layer.4.attention.output.dense.bias
nan occurred in checkpoint-220000: 

bert.encoder.layer.4.attention.output.LayerNorm.weight
nan occurred in checkpoint-220000: 

bert.encoder.layer.4.attention.output.LayerNorm.bias
nan occurred in checkpoint-220000: 

bert.encoder.layer.4.intermediate.dense.weight
nan occurred in checkpoint-220000: 

bert.encoder.layer.4.intermediate.dense.bias
nan occurred in checkpoint-220000: 

bert.encoder.layer.4.output.dense.weight
nan occurred in checkpoint-220000: 

bert.encoder.layer.4.output.dense.bias
nan occurred in checkpoint-220000: 

bert.encoder.layer.4.output.LayerNorm.weight
nan occurred in checkpoint-220000: 

bert.encoder.layer.4.output.LayerNorm.bias
nan occurred in checkpoint-220000: 

bert.encoder.layer.5.attention.self.query.weight
nan occurred in checkpoint-220000: 

bert.encoder.layer.5.attention.self.query.bias
nan occurred in checkpoint-220000: 

bert.encoder.layer.5.attention.self.key.weight
nan occurred in checkpoint-220000: 

bert.encoder.layer.5.attention.self.key.bias
nan occurred in checkpoint-220000: 

bert.encoder.layer.5.attention.self.value.weight
nan occurred in checkpoint-220000: 

bert.encoder.layer.5.attention.self.value.bias
nan occurred in checkpoint-220000: 

bert.encoder.layer.5.attention.output.dense.weight
nan occurred in checkpoint-220000: 

bert.encoder.layer.5.attention.output.dense.bias
nan occurred in checkpoint-220000: 

bert.encoder.layer.5.attention.output.LayerNorm.weight
nan occurred in checkpoint-220000: 

bert.encoder.layer.5.attention.output.LayerNorm.bias
nan occurred in checkpoint-220000: 

bert.encoder.layer.5.intermediate.dense.weight
nan occurred in checkpoint-220000: 

bert.encoder.layer.5.intermediate.dense.bias
nan occurred in checkpoint-220000: 

bert.encoder.layer.5.output.dense.weight
nan occurred in checkpoint-220000: 

bert.encoder.layer.5.output.dense.bias
nan occurred in checkpoint-220000: 

bert.encoder.layer.5.output.LayerNorm.weight
nan occurred in checkpoint-220000: 

bert.encoder.layer.5.output.LayerNorm.bias
nan occurred in checkpoint-220000: 

bert.encoder.layer.6.attention.self.query.weight
nan occurred in checkpoint-220000: 

bert.encoder.layer.6.attention.self.query.bias
nan occurred in checkpoint-220000: 

bert.encoder.layer.6.attention.self.key.weight
nan occurred in checkpoint-220000: 

bert.encoder.layer.6.attention.self.key.bias
nan occurred in checkpoint-220000: 

bert.encoder.layer.6.attention.self.value.weight
nan occurred in checkpoint-220000: 

bert.encoder.layer.6.attention.self.value.bias
nan occurred in checkpoint-220000: 

bert.encoder.layer.6.attention.output.dense.weight
nan occurred in checkpoint-220000: 

bert.encoder.layer.6.attention.output.dense.bias
nan occurred in checkpoint-220000: 

bert.encoder.layer.6.attention.output.LayerNorm.weight
nan occurred in checkpoint-220000: 

bert.encoder.layer.6.attention.output.LayerNorm.bias
nan occurred in checkpoint-220000: 

bert.encoder.layer.6.intermediate.dense.weight
nan occurred in checkpoint-220000: 

bert.encoder.layer.6.intermediate.dense.bias
nan occurred in checkpoint-220000: 

bert.encoder.layer.6.output.dense.weight
nan occurred in checkpoint-220000: 

bert.encoder.layer.6.output.dense.bias
nan occurred in checkpoint-220000: 

bert.encoder.layer.6.output.LayerNorm.weight
nan occurred in checkpoint-220000: 

bert.encoder.layer.6.output.LayerNorm.bias
nan occurred in checkpoint-220000: 

bert.encoder.layer.7.attention.self.query.weight
nan occurred in checkpoint-220000: 

bert.encoder.layer.7.attention.self.query.bias
nan occurred in checkpoint-220000: 

bert.encoder.layer.7.attention.self.key.weight
nan occurred in checkpoint-220000: 

bert.encoder.layer.7.attention.self.key.bias
nan occurred in checkpoint-220000: 

bert.encoder.layer.7.attention.self.value.weight
nan occurred in checkpoint-220000: 

bert.encoder.layer.7.attention.self.value.bias
nan occurred in checkpoint-220000: 

bert.encoder.layer.7.attention.output.dense.weight
nan occurred in checkpoint-220000: 

bert.encoder.layer.7.attention.output.dense.bias
nan occurred in checkpoint-220000: 

bert.encoder.layer.7.attention.output.LayerNorm.weight
nan occurred in checkpoint-220000: 

bert.encoder.layer.7.attention.output.LayerNorm.bias
nan occurred in checkpoint-220000: 

bert.encoder.layer.7.intermediate.dense.weight
nan occurred in checkpoint-220000: 

bert.encoder.layer.7.intermediate.dense.bias
nan occurred in checkpoint-220000: 

bert.encoder.layer.7.output.dense.weight
nan occurred in checkpoint-220000: 

bert.encoder.layer.7.output.dense.bias
nan occurred in checkpoint-220000: 

bert.encoder.layer.7.output.LayerNorm.weight
nan occurred in checkpoint-220000: 

bert.encoder.layer.7.output.LayerNorm.bias
nan occurred in checkpoint-220000: 

bert.encoder.layer.8.attention.self.query.weight
nan occurred in checkpoint-220000: 

bert.encoder.layer.8.attention.self.query.bias
nan occurred in checkpoint-220000: 

bert.encoder.layer.8.attention.self.key.weight
nan occurred in checkpoint-220000: 

bert.encoder.layer.8.attention.self.key.bias
nan occurred in checkpoint-220000: 

bert.encoder.layer.8.attention.self.value.weight
nan occurred in checkpoint-220000: 

bert.encoder.layer.8.attention.self.value.bias
nan occurred in checkpoint-220000: 

bert.encoder.layer.8.attention.output.dense.weight
nan occurred in checkpoint-220000: 

bert.encoder.layer.8.attention.output.dense.bias
nan occurred in checkpoint-220000: 

bert.encoder.layer.8.attention.output.LayerNorm.weight
nan occurred in checkpoint-220000: 

bert.encoder.layer.8.attention.output.LayerNorm.bias
nan occurred in checkpoint-220000: 

bert.encoder.layer.8.intermediate.dense.weight
nan occurred in checkpoint-220000: 

bert.encoder.layer.8.intermediate.dense.bias
nan occurred in checkpoint-220000: 

bert.encoder.layer.8.output.dense.weight
nan occurred in checkpoint-220000: 

bert.encoder.layer.8.output.dense.bias
nan occurred in checkpoint-220000: 

bert.encoder.layer.8.output.LayerNorm.weight
nan occurred in checkpoint-220000: 

bert.encoder.layer.8.output.LayerNorm.bias
nan occurred in checkpoint-220000: 

bert.encoder.layer.9.attention.self.query.weight
nan occurred in checkpoint-220000: 

bert.encoder.layer.9.attention.self.query.bias
nan occurred in checkpoint-220000: 

bert.encoder.layer.9.attention.self.key.weight
nan occurred in checkpoint-220000: 

bert.encoder.layer.9.attention.self.key.bias
nan occurred in checkpoint-220000: 

bert.encoder.layer.9.attention.self.value.weight
nan occurred in checkpoint-220000: 

bert.encoder.layer.9.attention.self.value.bias
nan occurred in checkpoint-220000: 

bert.encoder.layer.9.attention.output.dense.weight
nan occurred in checkpoint-220000: 

bert.encoder.layer.9.attention.output.dense.bias
nan occurred in checkpoint-220000: 

bert.encoder.layer.9.attention.output.LayerNorm.weight
nan occurred in checkpoint-220000: 

bert.encoder.layer.9.attention.output.LayerNorm.bias
nan occurred in checkpoint-220000: 

bert.encoder.layer.9.intermediate.dense.weight
nan occurred in checkpoint-220000: 

bert.encoder.layer.9.intermediate.dense.bias
nan occurred in checkpoint-220000: 

bert.encoder.layer.9.output.dense.weight
nan occurred in checkpoint-220000: 

bert.encoder.layer.9.output.dense.bias
nan occurred in checkpoint-220000: 

bert.encoder.layer.9.output.LayerNorm.weight
nan occurred in checkpoint-220000: 

bert.encoder.layer.9.output.LayerNorm.bias
nan occurred in checkpoint-220000: 

bert.encoder.layer.10.attention.self.query.weight
nan occurred in checkpoint-220000: 

bert.encoder.layer.10.attention.self.query.bias
nan occurred in checkpoint-220000: 

bert.encoder.layer.10.attention.self.key.weight
nan occurred in checkpoint-220000: 

bert.encoder.layer.10.attention.self.key.bias
nan occurred in checkpoint-220000: 

bert.encoder.layer.10.attention.self.value.weight
nan occurred in checkpoint-220000: 

bert.encoder.layer.10.attention.self.value.bias
nan occurred in checkpoint-220000: 

bert.encoder.layer.10.attention.output.dense.weight
nan occurred in checkpoint-220000: 

bert.encoder.layer.10.attention.output.dense.bias
nan occurred in checkpoint-220000: 

bert.encoder.layer.10.attention.output.LayerNorm.weight
nan occurred in checkpoint-220000: 

bert.encoder.layer.10.attention.output.LayerNorm.bias
nan occurred in checkpoint-220000: 

bert.encoder.layer.10.intermediate.dense.weight
nan occurred in checkpoint-220000: 

bert.encoder.layer.10.intermediate.dense.bias
nan occurred in checkpoint-220000: 

bert.encoder.layer.10.output.dense.weight
nan occurred in checkpoint-220000: 

bert.encoder.layer.10.output.dense.bias
nan occurred in checkpoint-220000: 

bert.encoder.layer.10.output.LayerNorm.weight
nan occurred in checkpoint-220000: 

bert.encoder.layer.10.output.LayerNorm.bias
nan occurred in checkpoint-220000: 

bert.encoder.layer.11.attention.self.query.weight
nan occurred in checkpoint-220000: 

bert.encoder.layer.11.attention.self.query.bias
nan occurred in checkpoint-220000: 

bert.encoder.layer.11.attention.self.key.weight
nan occurred in checkpoint-220000: 

bert.encoder.layer.11.attention.self.key.bias
nan occurred in checkpoint-220000: 

bert.encoder.layer.11.attention.self.value.weight
nan occurred in checkpoint-220000: 

bert.encoder.layer.11.attention.self.value.bias
nan occurred in checkpoint-220000: 

bert.encoder.layer.11.attention.output.dense.weight
nan occurred in checkpoint-220000: 

bert.encoder.layer.11.attention.output.dense.bias
nan occurred in checkpoint-220000: 

bert.encoder.layer.11.attention.output.LayerNorm.weight
nan occurred in checkpoint-220000: 

bert.encoder.layer.11.attention.output.LayerNorm.bias
nan occurred in checkpoint-220000: 

bert.encoder.layer.11.intermediate.dense.weight
nan occurred in checkpoint-220000: 

bert.encoder.layer.11.intermediate.dense.bias
nan occurred in checkpoint-220000: 

bert.encoder.layer.11.output.dense.weight
nan occurred in checkpoint-220000: 

bert.encoder.layer.11.output.dense.bias
nan occurred in checkpoint-220000: 

bert.encoder.layer.11.output.LayerNorm.weight
nan occurred in checkpoint-220000: 

bert.encoder.layer.11.output.LayerNorm.bias
nan occurred in checkpoint-220000: 

cls.predictions.bias
nan occurred in checkpoint-220000: 

cls.predictions.transform.dense.weight
nan occurred in checkpoint-220000: 

cls.predictions.transform.dense.bias
nan occurred in checkpoint-220000: 

cls.predictions.transform.LayerNorm.weight
nan occurred in checkpoint-220000: 

cls.predictions.transform.LayerNorm.bias
nan occurred in checkpoint-220000: 

cls.predictions.decoder.weight
nan occurred in checkpoint-220000: 

cls.predictions.decoder.bias
=================================================
odict_keys(['c_head.0.attention.self.query.weight', 'c_head.0.attention.self.query.bias', 'c_head.0.attention.self.key.weight', 'c_head.0.attention.self.key.bias', 'c_head.0.attention.self.value.weight', 'c_head.0.attention.self.value.bias', 'c_head.0.attention.output.dense.weight', 'c_head.0.attention.output.dense.bias', 'c_head.0.attention.output.LayerNorm.weight', 'c_head.0.attention.output.LayerNorm.bias', 'c_head.0.intermediate.dense.weight', 'c_head.0.intermediate.dense.bias', 'c_head.0.output.dense.weight', 'c_head.0.output.dense.bias', 'c_head.0.output.LayerNorm.weight', 'c_head.0.output.LayerNorm.bias', 'c_head.1.attention.self.query.weight', 'c_head.1.attention.self.query.bias', 'c_head.1.attention.self.key.weight', 'c_head.1.attention.self.key.bias', 'c_head.1.attention.self.value.weight', 'c_head.1.attention.self.value.bias', 'c_head.1.attention.output.dense.weight', 'c_head.1.attention.output.dense.bias', 'c_head.1.attention.output.LayerNorm.weight', 'c_head.1.attention.output.LayerNorm.bias', 'c_head.1.intermediate.dense.weight', 'c_head.1.intermediate.dense.bias', 'c_head.1.output.dense.weight', 'c_head.1.output.dense.bias', 'c_head.1.output.LayerNorm.weight', 'c_head.1.output.LayerNorm.bias'])
nan occurred in checkpoint-240000: 

bert.embeddings.word_embeddings.weight
nan occurred in checkpoint-240000: 

bert.embeddings.position_embeddings.weight
nan occurred in checkpoint-240000: 

bert.embeddings.token_type_embeddings.weight
nan occurred in checkpoint-240000: 

bert.embeddings.LayerNorm.weight
nan occurred in checkpoint-240000: 

bert.embeddings.LayerNorm.bias
nan occurred in checkpoint-240000: 

bert.encoder.layer.0.attention.self.query.weight
nan occurred in checkpoint-240000: 

bert.encoder.layer.0.attention.self.query.bias
nan occurred in checkpoint-240000: 

bert.encoder.layer.0.attention.self.key.weight
nan occurred in checkpoint-240000: 

bert.encoder.layer.0.attention.self.key.bias
nan occurred in checkpoint-240000: 

bert.encoder.layer.0.attention.self.value.weight
nan occurred in checkpoint-240000: 

bert.encoder.layer.0.attention.self.value.bias
nan occurred in checkpoint-240000: 

bert.encoder.layer.0.attention.output.dense.weight
nan occurred in checkpoint-240000: 

bert.encoder.layer.0.attention.output.dense.bias
nan occurred in checkpoint-240000: 

bert.encoder.layer.0.attention.output.LayerNorm.weight
nan occurred in checkpoint-240000: 

bert.encoder.layer.0.attention.output.LayerNorm.bias
nan occurred in checkpoint-240000: 

bert.encoder.layer.0.intermediate.dense.weight
nan occurred in checkpoint-240000: 

bert.encoder.layer.0.intermediate.dense.bias
nan occurred in checkpoint-240000: 

bert.encoder.layer.0.output.dense.weight
nan occurred in checkpoint-240000: 

bert.encoder.layer.0.output.dense.bias
nan occurred in checkpoint-240000: 

bert.encoder.layer.0.output.LayerNorm.weight
nan occurred in checkpoint-240000: 

bert.encoder.layer.0.output.LayerNorm.bias
nan occurred in checkpoint-240000: 

bert.encoder.layer.1.attention.self.query.weight
nan occurred in checkpoint-240000: 

bert.encoder.layer.1.attention.self.query.bias
nan occurred in checkpoint-240000: 

bert.encoder.layer.1.attention.self.key.weight
nan occurred in checkpoint-240000: 

bert.encoder.layer.1.attention.self.key.bias
nan occurred in checkpoint-240000: 

bert.encoder.layer.1.attention.self.value.weight
nan occurred in checkpoint-240000: 

bert.encoder.layer.1.attention.self.value.bias
nan occurred in checkpoint-240000: 

bert.encoder.layer.1.attention.output.dense.weight
nan occurred in checkpoint-240000: 

bert.encoder.layer.1.attention.output.dense.bias
nan occurred in checkpoint-240000: 

bert.encoder.layer.1.attention.output.LayerNorm.weight
nan occurred in checkpoint-240000: 

bert.encoder.layer.1.attention.output.LayerNorm.bias
nan occurred in checkpoint-240000: 

bert.encoder.layer.1.intermediate.dense.weight
nan occurred in checkpoint-240000: 

bert.encoder.layer.1.intermediate.dense.bias
nan occurred in checkpoint-240000: 

bert.encoder.layer.1.output.dense.weight
nan occurred in checkpoint-240000: 

bert.encoder.layer.1.output.dense.bias
nan occurred in checkpoint-240000: 

bert.encoder.layer.1.output.LayerNorm.weight
nan occurred in checkpoint-240000: 

bert.encoder.layer.1.output.LayerNorm.bias
nan occurred in checkpoint-240000: 

bert.encoder.layer.2.attention.self.query.weight
nan occurred in checkpoint-240000: 

bert.encoder.layer.2.attention.self.query.bias
nan occurred in checkpoint-240000: 

bert.encoder.layer.2.attention.self.key.weight
nan occurred in checkpoint-240000: 

bert.encoder.layer.2.attention.self.key.bias
nan occurred in checkpoint-240000: 

bert.encoder.layer.2.attention.self.value.weight
nan occurred in checkpoint-240000: 

bert.encoder.layer.2.attention.self.value.bias
nan occurred in checkpoint-240000: 

bert.encoder.layer.2.attention.output.dense.weight
nan occurred in checkpoint-240000: 

bert.encoder.layer.2.attention.output.dense.bias
nan occurred in checkpoint-240000: 

bert.encoder.layer.2.attention.output.LayerNorm.weight
nan occurred in checkpoint-240000: 

bert.encoder.layer.2.attention.output.LayerNorm.bias
nan occurred in checkpoint-240000: 

bert.encoder.layer.2.intermediate.dense.weight
nan occurred in checkpoint-240000: 

bert.encoder.layer.2.intermediate.dense.bias
nan occurred in checkpoint-240000: 

bert.encoder.layer.2.output.dense.weight
nan occurred in checkpoint-240000: 

bert.encoder.layer.2.output.dense.bias
nan occurred in checkpoint-240000: 

bert.encoder.layer.2.output.LayerNorm.weight
nan occurred in checkpoint-240000: 

bert.encoder.layer.2.output.LayerNorm.bias
nan occurred in checkpoint-240000: 

bert.encoder.layer.3.attention.self.query.weight
nan occurred in checkpoint-240000: 

bert.encoder.layer.3.attention.self.query.bias
nan occurred in checkpoint-240000: 

bert.encoder.layer.3.attention.self.key.weight
nan occurred in checkpoint-240000: 

bert.encoder.layer.3.attention.self.key.bias
nan occurred in checkpoint-240000: 

bert.encoder.layer.3.attention.self.value.weight
nan occurred in checkpoint-240000: 

bert.encoder.layer.3.attention.self.value.bias
nan occurred in checkpoint-240000: 

bert.encoder.layer.3.attention.output.dense.weight
nan occurred in checkpoint-240000: 

bert.encoder.layer.3.attention.output.dense.bias
nan occurred in checkpoint-240000: 

bert.encoder.layer.3.attention.output.LayerNorm.weight
nan occurred in checkpoint-240000: 

bert.encoder.layer.3.attention.output.LayerNorm.bias
nan occurred in checkpoint-240000: 

bert.encoder.layer.3.intermediate.dense.weight
nan occurred in checkpoint-240000: 

bert.encoder.layer.3.intermediate.dense.bias
nan occurred in checkpoint-240000: 

bert.encoder.layer.3.output.dense.weight
nan occurred in checkpoint-240000: 

bert.encoder.layer.3.output.dense.bias
nan occurred in checkpoint-240000: 

bert.encoder.layer.3.output.LayerNorm.weight
nan occurred in checkpoint-240000: 

bert.encoder.layer.3.output.LayerNorm.bias
nan occurred in checkpoint-240000: 

bert.encoder.layer.4.attention.self.query.weight
nan occurred in checkpoint-240000: 

bert.encoder.layer.4.attention.self.query.bias
nan occurred in checkpoint-240000: 

bert.encoder.layer.4.attention.self.key.weight
nan occurred in checkpoint-240000: 

bert.encoder.layer.4.attention.self.key.bias
nan occurred in checkpoint-240000: 

bert.encoder.layer.4.attention.self.value.weight
nan occurred in checkpoint-240000: 

bert.encoder.layer.4.attention.self.value.bias
nan occurred in checkpoint-240000: 

bert.encoder.layer.4.attention.output.dense.weight
nan occurred in checkpoint-240000: 

bert.encoder.layer.4.attention.output.dense.bias
nan occurred in checkpoint-240000: 

bert.encoder.layer.4.attention.output.LayerNorm.weight
nan occurred in checkpoint-240000: 

bert.encoder.layer.4.attention.output.LayerNorm.bias
nan occurred in checkpoint-240000: 

bert.encoder.layer.4.intermediate.dense.weight
nan occurred in checkpoint-240000: 

bert.encoder.layer.4.intermediate.dense.bias
nan occurred in checkpoint-240000: 

bert.encoder.layer.4.output.dense.weight
nan occurred in checkpoint-240000: 

bert.encoder.layer.4.output.dense.bias
nan occurred in checkpoint-240000: 

bert.encoder.layer.4.output.LayerNorm.weight
nan occurred in checkpoint-240000: 

bert.encoder.layer.4.output.LayerNorm.bias
nan occurred in checkpoint-240000: 

bert.encoder.layer.5.attention.self.query.weight
nan occurred in checkpoint-240000: 

bert.encoder.layer.5.attention.self.query.bias
nan occurred in checkpoint-240000: 

bert.encoder.layer.5.attention.self.key.weight
nan occurred in checkpoint-240000: 

bert.encoder.layer.5.attention.self.key.bias
nan occurred in checkpoint-240000: 

bert.encoder.layer.5.attention.self.value.weight
nan occurred in checkpoint-240000: 

bert.encoder.layer.5.attention.self.value.bias
nan occurred in checkpoint-240000: 

bert.encoder.layer.5.attention.output.dense.weight
nan occurred in checkpoint-240000: 

bert.encoder.layer.5.attention.output.dense.bias
nan occurred in checkpoint-240000: 

bert.encoder.layer.5.attention.output.LayerNorm.weight
nan occurred in checkpoint-240000: 

bert.encoder.layer.5.attention.output.LayerNorm.bias
nan occurred in checkpoint-240000: 

bert.encoder.layer.5.intermediate.dense.weight
nan occurred in checkpoint-240000: 

bert.encoder.layer.5.intermediate.dense.bias
nan occurred in checkpoint-240000: 

bert.encoder.layer.5.output.dense.weight
nan occurred in checkpoint-240000: 

bert.encoder.layer.5.output.dense.bias
nan occurred in checkpoint-240000: 

bert.encoder.layer.5.output.LayerNorm.weight
nan occurred in checkpoint-240000: 

bert.encoder.layer.5.output.LayerNorm.bias
nan occurred in checkpoint-240000: 

bert.encoder.layer.6.attention.self.query.weight
nan occurred in checkpoint-240000: 

bert.encoder.layer.6.attention.self.query.bias
nan occurred in checkpoint-240000: 

bert.encoder.layer.6.attention.self.key.weight
nan occurred in checkpoint-240000: 

bert.encoder.layer.6.attention.self.key.bias
nan occurred in checkpoint-240000: 

bert.encoder.layer.6.attention.self.value.weight
nan occurred in checkpoint-240000: 

bert.encoder.layer.6.attention.self.value.bias
nan occurred in checkpoint-240000: 

bert.encoder.layer.6.attention.output.dense.weight
nan occurred in checkpoint-240000: 

bert.encoder.layer.6.attention.output.dense.bias
nan occurred in checkpoint-240000: 

bert.encoder.layer.6.attention.output.LayerNorm.weight
nan occurred in checkpoint-240000: 

bert.encoder.layer.6.attention.output.LayerNorm.bias
nan occurred in checkpoint-240000: 

bert.encoder.layer.6.intermediate.dense.weight
nan occurred in checkpoint-240000: 

bert.encoder.layer.6.intermediate.dense.bias
nan occurred in checkpoint-240000: 

bert.encoder.layer.6.output.dense.weight
nan occurred in checkpoint-240000: 

bert.encoder.layer.6.output.dense.bias
nan occurred in checkpoint-240000: 

bert.encoder.layer.6.output.LayerNorm.weight
nan occurred in checkpoint-240000: 

bert.encoder.layer.6.output.LayerNorm.bias
nan occurred in checkpoint-240000: 

bert.encoder.layer.7.attention.self.query.weight
nan occurred in checkpoint-240000: 

bert.encoder.layer.7.attention.self.query.bias
nan occurred in checkpoint-240000: 

bert.encoder.layer.7.attention.self.key.weight
nan occurred in checkpoint-240000: 

bert.encoder.layer.7.attention.self.key.bias
nan occurred in checkpoint-240000: 

bert.encoder.layer.7.attention.self.value.weight
nan occurred in checkpoint-240000: 

bert.encoder.layer.7.attention.self.value.bias
nan occurred in checkpoint-240000: 

bert.encoder.layer.7.attention.output.dense.weight
nan occurred in checkpoint-240000: 

bert.encoder.layer.7.attention.output.dense.bias
nan occurred in checkpoint-240000: 

bert.encoder.layer.7.attention.output.LayerNorm.weight
nan occurred in checkpoint-240000: 

bert.encoder.layer.7.attention.output.LayerNorm.bias
nan occurred in checkpoint-240000: 

bert.encoder.layer.7.intermediate.dense.weight
nan occurred in checkpoint-240000: 

bert.encoder.layer.7.intermediate.dense.bias
nan occurred in checkpoint-240000: 

bert.encoder.layer.7.output.dense.weight
nan occurred in checkpoint-240000: 

bert.encoder.layer.7.output.dense.bias
nan occurred in checkpoint-240000: 

bert.encoder.layer.7.output.LayerNorm.weight
nan occurred in checkpoint-240000: 

bert.encoder.layer.7.output.LayerNorm.bias
nan occurred in checkpoint-240000: 

bert.encoder.layer.8.attention.self.query.weight
nan occurred in checkpoint-240000: 

bert.encoder.layer.8.attention.self.query.bias
nan occurred in checkpoint-240000: 

bert.encoder.layer.8.attention.self.key.weight
nan occurred in checkpoint-240000: 

bert.encoder.layer.8.attention.self.key.bias
nan occurred in checkpoint-240000: 

bert.encoder.layer.8.attention.self.value.weight
nan occurred in checkpoint-240000: 

bert.encoder.layer.8.attention.self.value.bias
nan occurred in checkpoint-240000: 

bert.encoder.layer.8.attention.output.dense.weight
nan occurred in checkpoint-240000: 

bert.encoder.layer.8.attention.output.dense.bias
nan occurred in checkpoint-240000: 

bert.encoder.layer.8.attention.output.LayerNorm.weight
nan occurred in checkpoint-240000: 

bert.encoder.layer.8.attention.output.LayerNorm.bias
nan occurred in checkpoint-240000: 

bert.encoder.layer.8.intermediate.dense.weight
nan occurred in checkpoint-240000: 

bert.encoder.layer.8.intermediate.dense.bias
nan occurred in checkpoint-240000: 

bert.encoder.layer.8.output.dense.weight
nan occurred in checkpoint-240000: 

bert.encoder.layer.8.output.dense.bias
nan occurred in checkpoint-240000: 

bert.encoder.layer.8.output.LayerNorm.weight
nan occurred in checkpoint-240000: 

bert.encoder.layer.8.output.LayerNorm.bias
nan occurred in checkpoint-240000: 

bert.encoder.layer.9.attention.self.query.weight
nan occurred in checkpoint-240000: 

bert.encoder.layer.9.attention.self.query.bias
nan occurred in checkpoint-240000: 

bert.encoder.layer.9.attention.self.key.weight
nan occurred in checkpoint-240000: 

bert.encoder.layer.9.attention.self.key.bias
nan occurred in checkpoint-240000: 

bert.encoder.layer.9.attention.self.value.weight
nan occurred in checkpoint-240000: 

bert.encoder.layer.9.attention.self.value.bias
nan occurred in checkpoint-240000: 

bert.encoder.layer.9.attention.output.dense.weight
nan occurred in checkpoint-240000: 

bert.encoder.layer.9.attention.output.dense.bias
nan occurred in checkpoint-240000: 

bert.encoder.layer.9.attention.output.LayerNorm.weight
nan occurred in checkpoint-240000: 

bert.encoder.layer.9.attention.output.LayerNorm.bias
nan occurred in checkpoint-240000: 

bert.encoder.layer.9.intermediate.dense.weight
nan occurred in checkpoint-240000: 

bert.encoder.layer.9.intermediate.dense.bias
nan occurred in checkpoint-240000: 

bert.encoder.layer.9.output.dense.weight
nan occurred in checkpoint-240000: 

bert.encoder.layer.9.output.dense.bias
nan occurred in checkpoint-240000: 

bert.encoder.layer.9.output.LayerNorm.weight
nan occurred in checkpoint-240000: 

bert.encoder.layer.9.output.LayerNorm.bias
nan occurred in checkpoint-240000: 

bert.encoder.layer.10.attention.self.query.weight
nan occurred in checkpoint-240000: 

bert.encoder.layer.10.attention.self.query.bias
nan occurred in checkpoint-240000: 

bert.encoder.layer.10.attention.self.key.weight
nan occurred in checkpoint-240000: 

bert.encoder.layer.10.attention.self.key.bias
nan occurred in checkpoint-240000: 

bert.encoder.layer.10.attention.self.value.weight
nan occurred in checkpoint-240000: 

bert.encoder.layer.10.attention.self.value.bias
nan occurred in checkpoint-240000: 

bert.encoder.layer.10.attention.output.dense.weight
nan occurred in checkpoint-240000: 

bert.encoder.layer.10.attention.output.dense.bias
nan occurred in checkpoint-240000: 

bert.encoder.layer.10.attention.output.LayerNorm.weight
nan occurred in checkpoint-240000: 

bert.encoder.layer.10.attention.output.LayerNorm.bias
nan occurred in checkpoint-240000: 

bert.encoder.layer.10.intermediate.dense.weight
nan occurred in checkpoint-240000: 

bert.encoder.layer.10.intermediate.dense.bias
nan occurred in checkpoint-240000: 

bert.encoder.layer.10.output.dense.weight
nan occurred in checkpoint-240000: 

bert.encoder.layer.10.output.dense.bias
nan occurred in checkpoint-240000: 

bert.encoder.layer.10.output.LayerNorm.weight
nan occurred in checkpoint-240000: 

bert.encoder.layer.10.output.LayerNorm.bias
nan occurred in checkpoint-240000: 

bert.encoder.layer.11.attention.self.query.weight
nan occurred in checkpoint-240000: 

bert.encoder.layer.11.attention.self.query.bias
nan occurred in checkpoint-240000: 

bert.encoder.layer.11.attention.self.key.weight
nan occurred in checkpoint-240000: 

bert.encoder.layer.11.attention.self.key.bias
nan occurred in checkpoint-240000: 

bert.encoder.layer.11.attention.self.value.weight
nan occurred in checkpoint-240000: 

bert.encoder.layer.11.attention.self.value.bias
nan occurred in checkpoint-240000: 

bert.encoder.layer.11.attention.output.dense.weight
nan occurred in checkpoint-240000: 

bert.encoder.layer.11.attention.output.dense.bias
nan occurred in checkpoint-240000: 

bert.encoder.layer.11.attention.output.LayerNorm.weight
nan occurred in checkpoint-240000: 

bert.encoder.layer.11.attention.output.LayerNorm.bias
nan occurred in checkpoint-240000: 

bert.encoder.layer.11.intermediate.dense.weight
nan occurred in checkpoint-240000: 

bert.encoder.layer.11.intermediate.dense.bias
nan occurred in checkpoint-240000: 

bert.encoder.layer.11.output.dense.weight
nan occurred in checkpoint-240000: 

bert.encoder.layer.11.output.dense.bias
nan occurred in checkpoint-240000: 

bert.encoder.layer.11.output.LayerNorm.weight
nan occurred in checkpoint-240000: 

bert.encoder.layer.11.output.LayerNorm.bias
nan occurred in checkpoint-240000: 

cls.predictions.bias
nan occurred in checkpoint-240000: 

cls.predictions.transform.dense.weight
nan occurred in checkpoint-240000: 

cls.predictions.transform.dense.bias
nan occurred in checkpoint-240000: 

cls.predictions.transform.LayerNorm.weight
nan occurred in checkpoint-240000: 

cls.predictions.transform.LayerNorm.bias
nan occurred in checkpoint-240000: 

cls.predictions.decoder.weight
nan occurred in checkpoint-240000: 

cls.predictions.decoder.bias
=================================================
odict_keys(['c_head.0.attention.self.query.weight', 'c_head.0.attention.self.query.bias', 'c_head.0.attention.self.key.weight', 'c_head.0.attention.self.key.bias', 'c_head.0.attention.self.value.weight', 'c_head.0.attention.self.value.bias', 'c_head.0.attention.output.dense.weight', 'c_head.0.attention.output.dense.bias', 'c_head.0.attention.output.LayerNorm.weight', 'c_head.0.attention.output.LayerNorm.bias', 'c_head.0.intermediate.dense.weight', 'c_head.0.intermediate.dense.bias', 'c_head.0.output.dense.weight', 'c_head.0.output.dense.bias', 'c_head.0.output.LayerNorm.weight', 'c_head.0.output.LayerNorm.bias', 'c_head.1.attention.self.query.weight', 'c_head.1.attention.self.query.bias', 'c_head.1.attention.self.key.weight', 'c_head.1.attention.self.key.bias', 'c_head.1.attention.self.value.weight', 'c_head.1.attention.self.value.bias', 'c_head.1.attention.output.dense.weight', 'c_head.1.attention.output.dense.bias', 'c_head.1.attention.output.LayerNorm.weight', 'c_head.1.attention.output.LayerNorm.bias', 'c_head.1.intermediate.dense.weight', 'c_head.1.intermediate.dense.bias', 'c_head.1.output.dense.weight', 'c_head.1.output.dense.bias', 'c_head.1.output.LayerNorm.weight', 'c_head.1.output.LayerNorm.bias'])
nan occurred in checkpoint-260000: 

bert.embeddings.word_embeddings.weight
nan occurred in checkpoint-260000: 

bert.embeddings.position_embeddings.weight
nan occurred in checkpoint-260000: 

bert.embeddings.token_type_embeddings.weight
nan occurred in checkpoint-260000: 

bert.embeddings.LayerNorm.weight
nan occurred in checkpoint-260000: 

bert.embeddings.LayerNorm.bias
nan occurred in checkpoint-260000: 

bert.encoder.layer.0.attention.self.query.weight
nan occurred in checkpoint-260000: 

bert.encoder.layer.0.attention.self.query.bias
nan occurred in checkpoint-260000: 

bert.encoder.layer.0.attention.self.key.weight
nan occurred in checkpoint-260000: 

bert.encoder.layer.0.attention.self.key.bias
nan occurred in checkpoint-260000: 

bert.encoder.layer.0.attention.self.value.weight
nan occurred in checkpoint-260000: 

bert.encoder.layer.0.attention.self.value.bias
nan occurred in checkpoint-260000: 

bert.encoder.layer.0.attention.output.dense.weight
nan occurred in checkpoint-260000: 

bert.encoder.layer.0.attention.output.dense.bias
nan occurred in checkpoint-260000: 

bert.encoder.layer.0.attention.output.LayerNorm.weight
nan occurred in checkpoint-260000: 

bert.encoder.layer.0.attention.output.LayerNorm.bias
nan occurred in checkpoint-260000: 

bert.encoder.layer.0.intermediate.dense.weight
nan occurred in checkpoint-260000: 

bert.encoder.layer.0.intermediate.dense.bias
nan occurred in checkpoint-260000: 

bert.encoder.layer.0.output.dense.weight
nan occurred in checkpoint-260000: 

bert.encoder.layer.0.output.dense.bias
nan occurred in checkpoint-260000: 

bert.encoder.layer.0.output.LayerNorm.weight
nan occurred in checkpoint-260000: 

bert.encoder.layer.0.output.LayerNorm.bias
nan occurred in checkpoint-260000: 

bert.encoder.layer.1.attention.self.query.weight
nan occurred in checkpoint-260000: 

bert.encoder.layer.1.attention.self.query.bias
nan occurred in checkpoint-260000: 

bert.encoder.layer.1.attention.self.key.weight
nan occurred in checkpoint-260000: 

bert.encoder.layer.1.attention.self.key.bias
nan occurred in checkpoint-260000: 

bert.encoder.layer.1.attention.self.value.weight
nan occurred in checkpoint-260000: 

bert.encoder.layer.1.attention.self.value.bias
nan occurred in checkpoint-260000: 

bert.encoder.layer.1.attention.output.dense.weight
nan occurred in checkpoint-260000: 

bert.encoder.layer.1.attention.output.dense.bias
nan occurred in checkpoint-260000: 

bert.encoder.layer.1.attention.output.LayerNorm.weight
nan occurred in checkpoint-260000: 

bert.encoder.layer.1.attention.output.LayerNorm.bias
nan occurred in checkpoint-260000: 

bert.encoder.layer.1.intermediate.dense.weight
nan occurred in checkpoint-260000: 

bert.encoder.layer.1.intermediate.dense.bias
nan occurred in checkpoint-260000: 

bert.encoder.layer.1.output.dense.weight
nan occurred in checkpoint-260000: 

bert.encoder.layer.1.output.dense.bias
nan occurred in checkpoint-260000: 

bert.encoder.layer.1.output.LayerNorm.weight
nan occurred in checkpoint-260000: 

bert.encoder.layer.1.output.LayerNorm.bias
nan occurred in checkpoint-260000: 

bert.encoder.layer.2.attention.self.query.weight
nan occurred in checkpoint-260000: 

bert.encoder.layer.2.attention.self.query.bias
nan occurred in checkpoint-260000: 

bert.encoder.layer.2.attention.self.key.weight
nan occurred in checkpoint-260000: 

bert.encoder.layer.2.attention.self.key.bias
nan occurred in checkpoint-260000: 

bert.encoder.layer.2.attention.self.value.weight
nan occurred in checkpoint-260000: 

bert.encoder.layer.2.attention.self.value.bias
nan occurred in checkpoint-260000: 

bert.encoder.layer.2.attention.output.dense.weight
nan occurred in checkpoint-260000: 

bert.encoder.layer.2.attention.output.dense.bias
nan occurred in checkpoint-260000: 

bert.encoder.layer.2.attention.output.LayerNorm.weight
nan occurred in checkpoint-260000: 

bert.encoder.layer.2.attention.output.LayerNorm.bias
nan occurred in checkpoint-260000: 

bert.encoder.layer.2.intermediate.dense.weight
nan occurred in checkpoint-260000: 

bert.encoder.layer.2.intermediate.dense.bias
nan occurred in checkpoint-260000: 

bert.encoder.layer.2.output.dense.weight
nan occurred in checkpoint-260000: 

bert.encoder.layer.2.output.dense.bias
nan occurred in checkpoint-260000: 

bert.encoder.layer.2.output.LayerNorm.weight
nan occurred in checkpoint-260000: 

bert.encoder.layer.2.output.LayerNorm.bias
nan occurred in checkpoint-260000: 

bert.encoder.layer.3.attention.self.query.weight
nan occurred in checkpoint-260000: 

bert.encoder.layer.3.attention.self.query.bias
nan occurred in checkpoint-260000: 

bert.encoder.layer.3.attention.self.key.weight
nan occurred in checkpoint-260000: 

bert.encoder.layer.3.attention.self.key.bias
nan occurred in checkpoint-260000: 

bert.encoder.layer.3.attention.self.value.weight
nan occurred in checkpoint-260000: 

bert.encoder.layer.3.attention.self.value.bias
nan occurred in checkpoint-260000: 

bert.encoder.layer.3.attention.output.dense.weight
nan occurred in checkpoint-260000: 

bert.encoder.layer.3.attention.output.dense.bias
nan occurred in checkpoint-260000: 

bert.encoder.layer.3.attention.output.LayerNorm.weight
nan occurred in checkpoint-260000: 

bert.encoder.layer.3.attention.output.LayerNorm.bias
nan occurred in checkpoint-260000: 

bert.encoder.layer.3.intermediate.dense.weight
nan occurred in checkpoint-260000: 

bert.encoder.layer.3.intermediate.dense.bias
nan occurred in checkpoint-260000: 

bert.encoder.layer.3.output.dense.weight
nan occurred in checkpoint-260000: 

bert.encoder.layer.3.output.dense.bias
nan occurred in checkpoint-260000: 

bert.encoder.layer.3.output.LayerNorm.weight
nan occurred in checkpoint-260000: 

bert.encoder.layer.3.output.LayerNorm.bias
nan occurred in checkpoint-260000: 

bert.encoder.layer.4.attention.self.query.weight
nan occurred in checkpoint-260000: 

bert.encoder.layer.4.attention.self.query.bias
nan occurred in checkpoint-260000: 

bert.encoder.layer.4.attention.self.key.weight
nan occurred in checkpoint-260000: 

bert.encoder.layer.4.attention.self.key.bias
nan occurred in checkpoint-260000: 

bert.encoder.layer.4.attention.self.value.weight
nan occurred in checkpoint-260000: 

bert.encoder.layer.4.attention.self.value.bias
nan occurred in checkpoint-260000: 

bert.encoder.layer.4.attention.output.dense.weight
nan occurred in checkpoint-260000: 

bert.encoder.layer.4.attention.output.dense.bias
nan occurred in checkpoint-260000: 

bert.encoder.layer.4.attention.output.LayerNorm.weight
nan occurred in checkpoint-260000: 

bert.encoder.layer.4.attention.output.LayerNorm.bias
nan occurred in checkpoint-260000: 

bert.encoder.layer.4.intermediate.dense.weight
nan occurred in checkpoint-260000: 

bert.encoder.layer.4.intermediate.dense.bias
nan occurred in checkpoint-260000: 

bert.encoder.layer.4.output.dense.weight
nan occurred in checkpoint-260000: 

bert.encoder.layer.4.output.dense.bias
nan occurred in checkpoint-260000: 

bert.encoder.layer.4.output.LayerNorm.weight
nan occurred in checkpoint-260000: 

bert.encoder.layer.4.output.LayerNorm.bias
nan occurred in checkpoint-260000: 

bert.encoder.layer.5.attention.self.query.weight
nan occurred in checkpoint-260000: 

bert.encoder.layer.5.attention.self.query.bias
nan occurred in checkpoint-260000: 

bert.encoder.layer.5.attention.self.key.weight
nan occurred in checkpoint-260000: 

bert.encoder.layer.5.attention.self.key.bias
nan occurred in checkpoint-260000: 

bert.encoder.layer.5.attention.self.value.weight
nan occurred in checkpoint-260000: 

bert.encoder.layer.5.attention.self.value.bias
nan occurred in checkpoint-260000: 

bert.encoder.layer.5.attention.output.dense.weight
nan occurred in checkpoint-260000: 

bert.encoder.layer.5.attention.output.dense.bias
nan occurred in checkpoint-260000: 

bert.encoder.layer.5.attention.output.LayerNorm.weight
nan occurred in checkpoint-260000: 

bert.encoder.layer.5.attention.output.LayerNorm.bias
nan occurred in checkpoint-260000: 

bert.encoder.layer.5.intermediate.dense.weight
nan occurred in checkpoint-260000: 

bert.encoder.layer.5.intermediate.dense.bias
nan occurred in checkpoint-260000: 

bert.encoder.layer.5.output.dense.weight
nan occurred in checkpoint-260000: 

bert.encoder.layer.5.output.dense.bias
nan occurred in checkpoint-260000: 

bert.encoder.layer.5.output.LayerNorm.weight
nan occurred in checkpoint-260000: 

bert.encoder.layer.5.output.LayerNorm.bias
nan occurred in checkpoint-260000: 

bert.encoder.layer.6.attention.self.query.weight
nan occurred in checkpoint-260000: 

bert.encoder.layer.6.attention.self.query.bias
nan occurred in checkpoint-260000: 

bert.encoder.layer.6.attention.self.key.weight
nan occurred in checkpoint-260000: 

bert.encoder.layer.6.attention.self.key.bias
nan occurred in checkpoint-260000: 

bert.encoder.layer.6.attention.self.value.weight
nan occurred in checkpoint-260000: 

bert.encoder.layer.6.attention.self.value.bias
nan occurred in checkpoint-260000: 

bert.encoder.layer.6.attention.output.dense.weight
nan occurred in checkpoint-260000: 

bert.encoder.layer.6.attention.output.dense.bias
nan occurred in checkpoint-260000: 

bert.encoder.layer.6.attention.output.LayerNorm.weight
nan occurred in checkpoint-260000: 

bert.encoder.layer.6.attention.output.LayerNorm.bias
nan occurred in checkpoint-260000: 

bert.encoder.layer.6.intermediate.dense.weight
nan occurred in checkpoint-260000: 

bert.encoder.layer.6.intermediate.dense.bias
nan occurred in checkpoint-260000: 

bert.encoder.layer.6.output.dense.weight
nan occurred in checkpoint-260000: 

bert.encoder.layer.6.output.dense.bias
nan occurred in checkpoint-260000: 

bert.encoder.layer.6.output.LayerNorm.weight
nan occurred in checkpoint-260000: 

bert.encoder.layer.6.output.LayerNorm.bias
nan occurred in checkpoint-260000: 

bert.encoder.layer.7.attention.self.query.weight
nan occurred in checkpoint-260000: 

bert.encoder.layer.7.attention.self.query.bias
nan occurred in checkpoint-260000: 

bert.encoder.layer.7.attention.self.key.weight
nan occurred in checkpoint-260000: 

bert.encoder.layer.7.attention.self.key.bias
nan occurred in checkpoint-260000: 

bert.encoder.layer.7.attention.self.value.weight
nan occurred in checkpoint-260000: 

bert.encoder.layer.7.attention.self.value.bias
nan occurred in checkpoint-260000: 

bert.encoder.layer.7.attention.output.dense.weight
nan occurred in checkpoint-260000: 

bert.encoder.layer.7.attention.output.dense.bias
nan occurred in checkpoint-260000: 

bert.encoder.layer.7.attention.output.LayerNorm.weight
nan occurred in checkpoint-260000: 

bert.encoder.layer.7.attention.output.LayerNorm.bias
nan occurred in checkpoint-260000: 

bert.encoder.layer.7.intermediate.dense.weight
nan occurred in checkpoint-260000: 

bert.encoder.layer.7.intermediate.dense.bias
nan occurred in checkpoint-260000: 

bert.encoder.layer.7.output.dense.weight
nan occurred in checkpoint-260000: 

bert.encoder.layer.7.output.dense.bias
nan occurred in checkpoint-260000: 

bert.encoder.layer.7.output.LayerNorm.weight
nan occurred in checkpoint-260000: 

bert.encoder.layer.7.output.LayerNorm.bias
nan occurred in checkpoint-260000: 

bert.encoder.layer.8.attention.self.query.weight
nan occurred in checkpoint-260000: 

bert.encoder.layer.8.attention.self.query.bias
nan occurred in checkpoint-260000: 

bert.encoder.layer.8.attention.self.key.weight
nan occurred in checkpoint-260000: 

bert.encoder.layer.8.attention.self.key.bias
nan occurred in checkpoint-260000: 

bert.encoder.layer.8.attention.self.value.weight
nan occurred in checkpoint-260000: 

bert.encoder.layer.8.attention.self.value.bias
nan occurred in checkpoint-260000: 

bert.encoder.layer.8.attention.output.dense.weight
nan occurred in checkpoint-260000: 

bert.encoder.layer.8.attention.output.dense.bias
nan occurred in checkpoint-260000: 

bert.encoder.layer.8.attention.output.LayerNorm.weight
nan occurred in checkpoint-260000: 

bert.encoder.layer.8.attention.output.LayerNorm.bias
nan occurred in checkpoint-260000: 

bert.encoder.layer.8.intermediate.dense.weight
nan occurred in checkpoint-260000: 

bert.encoder.layer.8.intermediate.dense.bias
nan occurred in checkpoint-260000: 

bert.encoder.layer.8.output.dense.weight
nan occurred in checkpoint-260000: 

bert.encoder.layer.8.output.dense.bias
nan occurred in checkpoint-260000: 

bert.encoder.layer.8.output.LayerNorm.weight
nan occurred in checkpoint-260000: 

bert.encoder.layer.8.output.LayerNorm.bias
nan occurred in checkpoint-260000: 

bert.encoder.layer.9.attention.self.query.weight
nan occurred in checkpoint-260000: 

bert.encoder.layer.9.attention.self.query.bias
nan occurred in checkpoint-260000: 

bert.encoder.layer.9.attention.self.key.weight
nan occurred in checkpoint-260000: 

bert.encoder.layer.9.attention.self.key.bias
nan occurred in checkpoint-260000: 

bert.encoder.layer.9.attention.self.value.weight
nan occurred in checkpoint-260000: 

bert.encoder.layer.9.attention.self.value.bias
nan occurred in checkpoint-260000: 

bert.encoder.layer.9.attention.output.dense.weight
nan occurred in checkpoint-260000: 

bert.encoder.layer.9.attention.output.dense.bias
nan occurred in checkpoint-260000: 

bert.encoder.layer.9.attention.output.LayerNorm.weight
nan occurred in checkpoint-260000: 

bert.encoder.layer.9.attention.output.LayerNorm.bias
nan occurred in checkpoint-260000: 

bert.encoder.layer.9.intermediate.dense.weight
nan occurred in checkpoint-260000: 

bert.encoder.layer.9.intermediate.dense.bias
nan occurred in checkpoint-260000: 

bert.encoder.layer.9.output.dense.weight
nan occurred in checkpoint-260000: 

bert.encoder.layer.9.output.dense.bias
nan occurred in checkpoint-260000: 

bert.encoder.layer.9.output.LayerNorm.weight
nan occurred in checkpoint-260000: 

bert.encoder.layer.9.output.LayerNorm.bias
nan occurred in checkpoint-260000: 

bert.encoder.layer.10.attention.self.query.weight
nan occurred in checkpoint-260000: 

bert.encoder.layer.10.attention.self.query.bias
nan occurred in checkpoint-260000: 

bert.encoder.layer.10.attention.self.key.weight
nan occurred in checkpoint-260000: 

bert.encoder.layer.10.attention.self.key.bias
nan occurred in checkpoint-260000: 

bert.encoder.layer.10.attention.self.value.weight
nan occurred in checkpoint-260000: 

bert.encoder.layer.10.attention.self.value.bias
nan occurred in checkpoint-260000: 

bert.encoder.layer.10.attention.output.dense.weight
nan occurred in checkpoint-260000: 

bert.encoder.layer.10.attention.output.dense.bias
nan occurred in checkpoint-260000: 

bert.encoder.layer.10.attention.output.LayerNorm.weight
nan occurred in checkpoint-260000: 

bert.encoder.layer.10.attention.output.LayerNorm.bias
nan occurred in checkpoint-260000: 

bert.encoder.layer.10.intermediate.dense.weight
nan occurred in checkpoint-260000: 

bert.encoder.layer.10.intermediate.dense.bias
nan occurred in checkpoint-260000: 

bert.encoder.layer.10.output.dense.weight
nan occurred in checkpoint-260000: 

bert.encoder.layer.10.output.dense.bias
nan occurred in checkpoint-260000: 

bert.encoder.layer.10.output.LayerNorm.weight
nan occurred in checkpoint-260000: 

bert.encoder.layer.10.output.LayerNorm.bias
nan occurred in checkpoint-260000: 

bert.encoder.layer.11.attention.self.query.weight
nan occurred in checkpoint-260000: 

bert.encoder.layer.11.attention.self.query.bias
nan occurred in checkpoint-260000: 

bert.encoder.layer.11.attention.self.key.weight
nan occurred in checkpoint-260000: 

bert.encoder.layer.11.attention.self.key.bias
nan occurred in checkpoint-260000: 

bert.encoder.layer.11.attention.self.value.weight
nan occurred in checkpoint-260000: 

bert.encoder.layer.11.attention.self.value.bias
nan occurred in checkpoint-260000: 

bert.encoder.layer.11.attention.output.dense.weight
nan occurred in checkpoint-260000: 

bert.encoder.layer.11.attention.output.dense.bias
nan occurred in checkpoint-260000: 

bert.encoder.layer.11.attention.output.LayerNorm.weight
nan occurred in checkpoint-260000: 

bert.encoder.layer.11.attention.output.LayerNorm.bias
nan occurred in checkpoint-260000: 

bert.encoder.layer.11.intermediate.dense.weight
nan occurred in checkpoint-260000: 

bert.encoder.layer.11.intermediate.dense.bias
nan occurred in checkpoint-260000: 

bert.encoder.layer.11.output.dense.weight
nan occurred in checkpoint-260000: 

bert.encoder.layer.11.output.dense.bias
nan occurred in checkpoint-260000: 

bert.encoder.layer.11.output.LayerNorm.weight
nan occurred in checkpoint-260000: 

bert.encoder.layer.11.output.LayerNorm.bias
nan occurred in checkpoint-260000: 

cls.predictions.bias
nan occurred in checkpoint-260000: 

cls.predictions.transform.dense.weight
nan occurred in checkpoint-260000: 

cls.predictions.transform.dense.bias
nan occurred in checkpoint-260000: 

cls.predictions.transform.LayerNorm.weight
nan occurred in checkpoint-260000: 

cls.predictions.transform.LayerNorm.bias
nan occurred in checkpoint-260000: 

cls.predictions.decoder.weight
nan occurred in checkpoint-260000: 

cls.predictions.decoder.bias
=================================================
odict_keys(['c_head.0.attention.self.query.weight', 'c_head.0.attention.self.query.bias', 'c_head.0.attention.self.key.weight', 'c_head.0.attention.self.key.bias', 'c_head.0.attention.self.value.weight', 'c_head.0.attention.self.value.bias', 'c_head.0.attention.output.dense.weight', 'c_head.0.attention.output.dense.bias', 'c_head.0.attention.output.LayerNorm.weight', 'c_head.0.attention.output.LayerNorm.bias', 'c_head.0.intermediate.dense.weight', 'c_head.0.intermediate.dense.bias', 'c_head.0.output.dense.weight', 'c_head.0.output.dense.bias', 'c_head.0.output.LayerNorm.weight', 'c_head.0.output.LayerNorm.bias', 'c_head.1.attention.self.query.weight', 'c_head.1.attention.self.query.bias', 'c_head.1.attention.self.key.weight', 'c_head.1.attention.self.key.bias', 'c_head.1.attention.self.value.weight', 'c_head.1.attention.self.value.bias', 'c_head.1.attention.output.dense.weight', 'c_head.1.attention.output.dense.bias', 'c_head.1.attention.output.LayerNorm.weight', 'c_head.1.attention.output.LayerNorm.bias', 'c_head.1.intermediate.dense.weight', 'c_head.1.intermediate.dense.bias', 'c_head.1.output.dense.weight', 'c_head.1.output.dense.bias', 'c_head.1.output.LayerNorm.weight', 'c_head.1.output.LayerNorm.bias'])
=================================================
odict_keys(['c_head.0.attention.self.query.weight', 'c_head.0.attention.self.query.bias', 'c_head.0.attention.self.key.weight', 'c_head.0.attention.self.key.bias', 'c_head.0.attention.self.value.weight', 'c_head.0.attention.self.value.bias', 'c_head.0.attention.output.dense.weight', 'c_head.0.attention.output.dense.bias', 'c_head.0.attention.output.LayerNorm.weight', 'c_head.0.attention.output.LayerNorm.bias', 'c_head.0.intermediate.dense.weight', 'c_head.0.intermediate.dense.bias', 'c_head.0.output.dense.weight', 'c_head.0.output.dense.bias', 'c_head.0.output.LayerNorm.weight', 'c_head.0.output.LayerNorm.bias', 'c_head.1.attention.self.query.weight', 'c_head.1.attention.self.query.bias', 'c_head.1.attention.self.key.weight', 'c_head.1.attention.self.key.bias', 'c_head.1.attention.self.value.weight', 'c_head.1.attention.self.value.bias', 'c_head.1.attention.output.dense.weight', 'c_head.1.attention.output.dense.bias', 'c_head.1.attention.output.LayerNorm.weight', 'c_head.1.attention.output.LayerNorm.bias', 'c_head.1.intermediate.dense.weight', 'c_head.1.intermediate.dense.bias', 'c_head.1.output.dense.weight', 'c_head.1.output.dense.bias', 'c_head.1.output.LayerNorm.weight', 'c_head.1.output.LayerNorm.bias'])
=================================================
odict_keys(['c_head.0.attention.self.query.weight', 'c_head.0.attention.self.query.bias', 'c_head.0.attention.self.key.weight', 'c_head.0.attention.self.key.bias', 'c_head.0.attention.self.value.weight', 'c_head.0.attention.self.value.bias', 'c_head.0.attention.output.dense.weight', 'c_head.0.attention.output.dense.bias', 'c_head.0.attention.output.LayerNorm.weight', 'c_head.0.attention.output.LayerNorm.bias', 'c_head.0.intermediate.dense.weight', 'c_head.0.intermediate.dense.bias', 'c_head.0.output.dense.weight', 'c_head.0.output.dense.bias', 'c_head.0.output.LayerNorm.weight', 'c_head.0.output.LayerNorm.bias', 'c_head.1.attention.self.query.weight', 'c_head.1.attention.self.query.bias', 'c_head.1.attention.self.key.weight', 'c_head.1.attention.self.key.bias', 'c_head.1.attention.self.value.weight', 'c_head.1.attention.self.value.bias', 'c_head.1.attention.output.dense.weight', 'c_head.1.attention.output.dense.bias', 'c_head.1.attention.output.LayerNorm.weight', 'c_head.1.attention.output.LayerNorm.bias', 'c_head.1.intermediate.dense.weight', 'c_head.1.intermediate.dense.bias', 'c_head.1.output.dense.weight', 'c_head.1.output.dense.bias', 'c_head.1.output.LayerNorm.weight', 'c_head.1.output.LayerNorm.bias'])
=================================================
